<?xml version="1.0" encoding="UTF-8"?>
<!-- Generated by org.testng.reporters.JUnitReportReporter -->
<testsuite hostname="CPDK346" failures="0" tests="1" name="com.ApiTest.LoginAndRegisterAPP" time="2.467" errors="0" timestamp="2024-11-22T16:12:48 IST" skipped="0">
  <testcase classname="com.ApiTest.LoginAndRegisterAPP" name="GET_LOGIN" time="2.467"/>
</testsuite> <!-- com.ApiTest.LoginAndRegisterAPP -->
