<?xml version="1.0" encoding="UTF-8"?>
<!-- Generated by org.testng.reporters.JUnitReportReporter -->
<testsuite hostname="CPDK346" failures="0" tests="1" name="com.ApiTest.testDelete" time="4.215" errors="0" timestamp="2024-11-22T17:29:43 IST" skipped="0">
  <testcase classname="com.ApiTest.testDelete" name="testPost" time="4.215"/>
</testsuite> <!-- com.ApiTest.testDelete -->
