<?xml version="1.0" encoding="UTF-8"?>
<!-- Generated by org.testng.reporters.JUnitReportReporter -->
<testsuite hostname="CPDK346" failures="0" tests="1" name="com.ApiTest.TestsQuizAppWithAssertion" time="2.814" errors="0" timestamp="2024-11-22T18:20:26 IST" skipped="0">
  <testcase classname="com.ApiTest.TestsQuizAppWithAssertion" name="test_2" time="2.814"/>
</testsuite> <!-- com.ApiTest.TestsQuizAppWithAssertion -->
