<?xml version="1.0" encoding="UTF-8"?>
<!-- Generated by org.testng.reporters.JUnitReportReporter -->
<testsuite hostname="CPDK301" failures="0" tests="1" name="Tests.BaseClass" time="0.010" errors="0" timestamp="2024-12-19T15:34:38 IST" skipped="0">
  <testcase classname="Tests.BaseClass" name="testExample" time="0.010"/>
</testsuite> <!-- Tests.BaseClass -->
