<?xml version="1.0" encoding="UTF-8"?>
<!-- Generated by org.testng.reporters.JUnitReportReporter -->
<testsuite hostname="CPDK301" failures="0" tests="3" name="StepDefinition.CucumberTestRunner" time="50.439" errors="0" timestamp="2024-11-25T18:29:21 IST" skipped="0">
  <testcase classname="StepDefinition.CucumberTestRunner" name="runScenario" time="16.551"/>
  <testcase classname="StepDefinition.CucumberTestRunner" name="runScenario" time="16.755"/>
  <testcase classname="StepDefinition.CucumberTestRunner" name="runScenario" time="17.133"/>
</testsuite> <!-- StepDefinition.CucumberTestRunner -->
